{"C:\\Users\\Butler Shimaluwani\\Desktop\\testing-practice\\testing-practice\\task1.js": {"path":"C:\\Users\\Butler Shimaluwani\\Desktop\\testing-practice\\testing-practice\\task1.js","statementMap":{"0":{"start":{"line":1,"column":21},"end":{"line":6,"column":1}},"1":{"start":{"line":2,"column":2},"end":{"line":4,"column":3}},"2":{"start":{"line":3,"column":4},"end":{"line":3,"column":25}},"3":{"start":{"line":5,"column":2},"end":{"line":5,"column":80}},"4":{"start":{"line":7,"column":0},"end":{"line":7,"column":30}}},"fnMap":{"0":{"name":"(anonymous_0)","decl":{"start":{"line":1,"column":21},"end":{"line":1,"column":22}},"loc":{"start":{"line":1,"column":33},"end":{"line":6,"column":1}},"line":1}},"branchMap":{"0":{"loc":{"start":{"line":2,"column":2},"end":{"line":4,"column":3}},"type":"if","locations":[{"start":{"line":2,"column":2},"end":{"line":4,"column":3}},{"start":{},"end":{}}],"line":2},"1":{"loc":{"start":{"line":2,"column":6},"end":{"line":2,"column":47}},"type":"binary-expr","locations":[{"start":{"line":2,"column":6},"end":{"line":2,"column":24}},{"start":{"line":2,"column":28},"end":{"line":2,"column":47}}],"line":2}},"s":{"0":1,"1":4,"2":2,"3":2,"4":1},"f":{"0":4},"b":{"0":[2,2],"1":[4,3]},"_coverageSchema":"1a1c01bbd47fc00a2c39e90264f33305004495a9","hash":"593652632405dab6f6c7a1c394d9f490bbcf27b4"}
,"C:\\Users\\Butler Shimaluwani\\Desktop\\testing-practice\\testing-practice\\task2.js": {"path":"C:\\Users\\Butler Shimaluwani\\Desktop\\testing-practice\\testing-practice\\task2.js","statementMap":{"0":{"start":{"line":1,"column":22},"end":{"line":1,"column":63}},"1":{"start":{"line":1,"column":31},"end":{"line":1,"column":63}},"2":{"start":{"line":2,"column":0},"end":{"line":2,"column":31}}},"fnMap":{"0":{"name":"(anonymous_0)","decl":{"start":{"line":1,"column":22},"end":{"line":1,"column":23}},"loc":{"start":{"line":1,"column":31},"end":{"line":1,"column":63}},"line":1}},"branchMap":{},"s":{"0":1,"1":3,"2":1},"f":{"0":3},"b":{},"_coverageSchema":"1a1c01bbd47fc00a2c39e90264f33305004495a9","hash":"f332aab1fbfd65208a0bbbbe070fcb461b5f16f9"}
,"C:\\Users\\Butler Shimaluwani\\Desktop\\testing-practice\\testing-practice\\task3.js": {"path":"C:\\Users\\Butler Shimaluwani\\Desktop\\testing-practice\\testing-practice\\task3.js","statementMap":{"0":{"start":{"line":5,"column":6},"end":{"line":5,"column":19}},"1":{"start":{"line":9,"column":6},"end":{"line":9,"column":19}},"2":{"start":{"line":13,"column":6},"end":{"line":13,"column":19}},"3":{"start":{"line":17,"column":6},"end":{"line":17,"column":19}},"4":{"start":{"line":21,"column":21},"end":{"line":21,"column":37}},"5":{"start":{"line":22,"column":2},"end":{"line":22,"column":30}}},"fnMap":{"0":{"name":"(anonymous_0)","decl":{"start":{"line":2,"column":4},"end":{"line":2,"column":5}},"loc":{"start":{"line":2,"column":18},"end":{"line":2,"column":20}},"line":2},"1":{"name":"(anonymous_1)","decl":{"start":{"line":4,"column":4},"end":{"line":4,"column":5}},"loc":{"start":{"line":4,"column":14},"end":{"line":6,"column":5}},"line":4},"2":{"name":"(anonymous_2)","decl":{"start":{"line":8,"column":4},"end":{"line":8,"column":5}},"loc":{"start":{"line":8,"column":19},"end":{"line":10,"column":5}},"line":8},"3":{"name":"(anonymous_3)","decl":{"start":{"line":12,"column":4},"end":{"line":12,"column":5}},"loc":{"start":{"line":12,"column":17},"end":{"line":14,"column":5}},"line":12},"4":{"name":"(anonymous_4)","decl":{"start":{"line":16,"column":4},"end":{"line":16,"column":5}},"loc":{"start":{"line":16,"column":19},"end":{"line":18,"column":5}},"line":16}},"branchMap":{},"s":{"0":1,"1":0,"2":0,"3":0,"4":1,"5":1},"f":{"0":1,"1":1,"2":0,"3":0,"4":0},"b":{},"_coverageSchema":"1a1c01bbd47fc00a2c39e90264f33305004495a9","hash":"e2b199408f096248e6a514254242b9f9fd65fda7"}
,"C:\\Users\\Butler Shimaluwani\\Desktop\\testing-practice\\testing-practice\\task4.js": {"path":"C:\\Users\\Butler Shimaluwani\\Desktop\\testing-practice\\testing-practice\\task4.js","statementMap":{"0":{"start":{"line":1,"column":25},"end":{"line":5,"column":3}},"1":{"start":{"line":2,"column":4},"end":{"line":4,"column":60}},"2":{"start":{"line":3,"column":6},"end":{"line":3,"column":49}},"3":{"start":{"line":4,"column":11},"end":{"line":4,"column":60}},"4":{"start":{"line":7,"column":2},"end":{"line":7,"column":36}}},"fnMap":{"0":{"name":"(anonymous_0)","decl":{"start":{"line":1,"column":25},"end":{"line":1,"column":26}},"loc":{"start":{"line":1,"column":37},"end":{"line":5,"column":3}},"line":1}},"branchMap":{"0":{"loc":{"start":{"line":2,"column":4},"end":{"line":4,"column":60}},"type":"if","locations":[{"start":{"line":2,"column":4},"end":{"line":4,"column":60}},{"start":{"line":4,"column":11},"end":{"line":4,"column":60}}],"line":2}},"s":{"0":1,"1":7,"2":4,"3":3,"4":1},"f":{"0":7},"b":{"0":[4,3]},"_coverageSchema":"1a1c01bbd47fc00a2c39e90264f33305004495a9","hash":"f916de2857efbb100392636932ee29bf73f9858a"}
}
